usearch --cluster DNAall.fa.sorted --id 0.85 --uc DNAall.fa.uc --consout cons_DNAall.fa --log DNAall.fa.log
Started Sun Oct 13 20:11:14 2013
Version 5.2.32
99Gb RAM

Algorithm:
  De novo clustering
  Fast search (U-sorting) enabled
  Similarity computed from a global alignment

Word-counting heuristics:
  Word length for database index 8
  Step words 8
  Bump fraction 50%

U-sorted search termination:
  Max accepts 1
  Max rejects 32
  Word count rejection enabled

Accept criteria:
  Min id 85.0%

Query set:
  Filename DNAall.fa.sorted
  File size 127Mb
  Sequence type nucelotide

Database:
  Initially empty

Substitution scores:
  Match score 1.0
  Mismatch score -2.0

Gap penalties:
     10.00  Open penalty (internal gaps)
      0.50  Open penalty (end gaps)
      1.00  Ext. penalty (internal gaps)
      0.50  Ext. penalty (end gaps)

Fast alignment heuristics:
  HSP seed word length 5
  One-hit HSP seeding
  Exact word seeds (neighborhoods disabled)
  Min HSP length 32
  Band radius 16


10:04 1.4Gb Result: 29550 clusters, avg size 3.3, avg id. 96.1%
Search time         10:04
Throughput          161.5 seqs/sec
Query sequences     97523
Clusters            29.6k
Avg cluster size    3.3 seqs
Avg cluster id      96.1%

              Id      Allocs       Frees     Pct         Bytes
----------------  ----------  ----------  ------  ------------
           cons2      384159           6   58.4%         792Mb
          windex     1166934      517929   32.9%         447Mb
            mx_h       42568       34534    4.5%          61Mb
           seqdb       59103           0    3.9%          52Mb
           ultra          71          46    0.3%         3.6Mb
         myutils           4           0    0.0%       128.0kb
           dpmem          10           8    0.0%        62.8kb
       hspfinder         398         199    0.0%        43.4kb
        comppath           1           0    0.0%        11.5kb
----------------  ----------  ----------  ------  ------------
           Total     1653248      552722  100.0%         1.4Gb

Finished Sun Oct 13 20:21:18 2013
Elapsed time 10:04
Max memory 1.4Gb
